<?xml version="1.0" encoding="UTF-8"?>
<!-- Generated by org.testng.reporters.JUnitReportReporter -->
<testsuite hostname="DESKTOP-EG5QUVK" failures="0" tests="1" name="tests.ExamTest" time="12.645" errors="0" timestamp="2023-02-20T12:42:23 CST" skipped="0">
  <testcase classname="tests.ExamTest" name="toggleCheckbox" time="12.645"/>
  <system-out/>
</testsuite> <!-- tests.ExamTest -->
