<?xml version="1.0" encoding="UTF-8"?>
<!-- Generated by org.testng.reporters.JUnitReportReporter -->
<testsuite hostname="DESKTOP-EG5QUVK" failures="0" tests="1" name="pages.ExamTest" time="0.106" errors="0" timestamp="2023-02-20T03:11:41 CST" skipped="0">
  <testcase classname="pages.ExamTest" name="inTheExam" time="0.106"/>
  <system-out/>
</testsuite> <!-- pages.ExamTest -->
